<?xml version="1.0" encoding="UTF-8"?>
<!-- Generated by org.testng.reporters.JUnitReportReporter -->
<testsuite hostname="AYA-XJARIRI" failures="0" tests="2" name="findingElements.Executing_javaScript_Code_with_Selenium" time="0.110" errors="0" timestamp="2022-06-20T18:21:52 EEST" skipped="0">
  <testcase classname="findingElements.Executing_javaScript_Code_with_Selenium" name="Testing_The_Title" time="0.026"/>
  <system-out/>
  <testcase classname="findingElements.Executing_javaScript_Code_with_Selenium" name="Testing_The_Link" time="0.084"/>
  <system-out/>
</testsuite> <!-- findingElements.Executing_javaScript_Code_with_Selenium -->
