<?xml version="1.0" encoding="UTF-8"?>
<!-- Generated by org.testng.reporters.JUnitReportReporter -->
<testsuite hostname="AYA-XJARIRI" failures="0" tests="1" name="findingElements.Synchronuzing_with_FluentWait" time="0.526" errors="0" timestamp="2022-06-20T00:44:49 EEST" skipped="0">
  <testcase classname="findingElements.Synchronuzing_with_FluentWait" name="TestExplicitTime" time="0.526"/>
  <system-out/>
</testsuite> <!-- findingElements.Synchronuzing_with_FluentWait -->
