<?xml version="1.0" encoding="UTF-8"?>
<!-- Generated by org.testng.reporters.JUnitReportReporter -->
<testsuite hostname="AYA-XJARIRI" failures="0" tests="2" name="findingElements.Working_with_Handling_Windows" time="10.891" errors="0" timestamp="2022-06-19T19:14:56 EEST" skipped="0">
  <testcase classname="findingElements.Working_with_Handling_Windows" name="testByName" time="8.090"/>
  <system-out/>
  <testcase classname="findingElements.Working_with_Handling_Windows" name="testVisitByName" time="2.801"/>
  <system-out/>
</testsuite> <!-- findingElements.Working_with_Handling_Windows -->
