<?xml version="1.0" encoding="UTF-8"?>
<!-- Generated by org.testng.reporters.JUnitReportReporter -->
<testsuite hostname="AYA-XJARIRI" failures="0" tests="1" name="findingElements.Upload_File_using_RobotClass" time="9.755" errors="0" timestamp="2022-06-22T20:10:13 EEST" skipped="0">
  <testcase classname="findingElements.Upload_File_using_RobotClass" name="FileUploadWithRobot" time="9.755"/>
  <system-out/>
</testsuite> <!-- findingElements.Upload_File_using_RobotClass -->
