<?xml version="1.0" encoding="UTF-8"?>
<!-- Generated by org.testng.reporters.JUnitReportReporter -->
<testsuite hostname="AYA-XJARIRI" failures="0" tests="1" name="findingElements.FindingEmelemntsByID" time="0.081" errors="0" timestamp="2022-06-17T04:11:54 EEST" skipped="0">
  <testcase classname="findingElements.FindingEmelemntsByID" name="FindTheElement" time="0.081"/>
  <system-out/>
</testsuite> <!-- findingElements.FindingEmelemntsByID -->
