<?xml version="1.0" encoding="UTF-8"?>
<!-- Generated by org.testng.reporters.JUnitReportReporter -->
<testsuite hostname="AYA-XJARIRI" failures="0" tests="1" name="findingElements.Html5_VideoPlayer" time="17.351" errors="0" timestamp="2022-06-24T18:34:02 EEST" skipped="0">
  <testcase classname="findingElements.Html5_VideoPlayer" name="testHTML5VideoPlayer" time="17.351"/>
  <system-out/>
</testsuite> <!-- findingElements.Html5_VideoPlayer -->
