<?xml version="1.0" encoding="UTF-8"?>
<!-- Generated by org.testng.reporters.JUnitReportReporter -->
<testsuite hostname="AYA-XJARIRI" failures="0" tests="1" name="findingElements.Working_with_tables" time="0.382" errors="0" timestamp="2022-06-30T16:16:26 EEST" skipped="0">
  <testcase classname="findingElements.Working_with_tables" name="CheckboxTest" time="0.382"/>
  <system-out/>
</testsuite> <!-- findingElements.Working_with_tables -->
