<?xml version="1.0" encoding="UTF-8"?>
<!-- Generated by org.testng.reporters.JUnitReportReporter -->
<testsuite hostname="AYA-XJARIRI" failures="0" tests="1" name="findingElements.Working_with_DragAndDrop" time="6.709" errors="0" timestamp="2022-06-18T04:00:29 EEST" skipped="0">
  <testcase classname="findingElements.Working_with_DragAndDrop" name="DoubleClick" time="6.709"/>
  <system-out/>
</testsuite> <!-- findingElements.Working_with_DragAndDrop -->
