<?xml version="1.0" encoding="UTF-8"?>
<!-- Generated by org.testng.reporters.JUnitReportReporter -->
<testsuite hostname="AYA-XJARIRI" failures="0" tests="1" name="findingElements.Scrolling_Down_using_js" time="6.340" errors="0" timestamp="2022-06-20T19:13:39 EEST" skipped="0">
  <testcase classname="findingElements.Scrolling_Down_using_js" name="Scrolling_Down" time="6.340"/>
  <system-out/>
</testsuite> <!-- findingElements.Scrolling_Down_using_js -->
