<?xml version="1.0" encoding="UTF-8"?>
<!-- Generated by org.testng.reporters.JUnitReportReporter -->
<testsuite hostname="AYA-XJARIRI" failures="0" tests="1" name="findingElements.Working_with_Submit" time="2.427" errors="0" timestamp="2022-06-17T22:07:42 EEST" skipped="0">
  <testcase classname="findingElements.Working_with_Submit" name="FindTheElement" time="2.427"/>
  <system-out/>
</testsuite> <!-- findingElements.Working_with_Submit -->
