<?xml version="1.0" encoding="UTF-8"?>
<!-- Generated by org.testng.reporters.JUnitReportReporter -->
<testsuite hostname="AYA-XJARIRI" failures="0" tests="1" name="findingElements.Working_with_cokies" time="0.114" errors="0" timestamp="2022-06-19T19:08:14 EEST" skipped="0">
  <testcase classname="findingElements.Working_with_cokies" name="Testcockies" time="0.114"/>
  <system-out/>
</testsuite> <!-- findingElements.Working_with_cokies -->
