<?xml version="1.0" encoding="UTF-8"?>
<!-- Generated by org.testng.reporters.JUnitReportReporter -->
<testsuite hostname="AYA-XJARIRI" failures="0" tests="1" name="findingElements.Working_withBrokenLinks" time="25.485" errors="0" timestamp="2022-06-22T02:22:52 EEST" skipped="0">
  <testcase classname="findingElements.Working_withBrokenLinks" name="testAllBrokenLinks" time="25.485"/>
  <system-out/>
</testsuite> <!-- findingElements.Working_withBrokenLinks -->
