<?xml version="1.0" encoding="UTF-8"?>
<!-- Generated by org.testng.reporters.JUnitReportReporter -->
<testsuite hostname="AYA-XJARIRI" failures="0" tests="1" name="findingElements.Working_withBrokenImages" time="4.766" errors="0" timestamp="2022-06-22T01:03:20 EEST" skipped="0">
  <testcase classname="findingElements.Working_withBrokenImages" name="TestBrokenImages" time="4.766"/>
  <system-out/>
</testsuite> <!-- findingElements.Working_withBrokenImages -->
