<?xml version="1.0" encoding="UTF-8"?>
<!-- Generated by org.testng.reporters.JUnitReportReporter -->
<testsuite hostname="AYA-XJARIRI" failures="0" tests="1" name="findingElements.Working_with_Elements" time="1.051" errors="0" timestamp="2022-06-17T16:22:10 EEST" skipped="0">
  <testcase classname="findingElements.Working_with_Elements" name="FindTheElement" time="1.051"/>
  <system-out/>
</testsuite> <!-- findingElements.Working_with_Elements -->
