<?xml version="1.0" encoding="UTF-8"?>
<!-- Generated by org.testng.reporters.JUnitReportReporter -->
<testsuite hostname="AYA-XJARIRI" failures="0" tests="1" name="findingElements.UploadFileUsingRobotForMySelf" time="4.187" errors="0" timestamp="2022-06-22T22:14:19 EEST" skipped="0">
  <testcase classname="findingElements.UploadFileUsingRobotForMySelf" name="TestingTheUploadFile" time="4.187"/>
  <system-out/>
</testsuite> <!-- findingElements.UploadFileUsingRobotForMySelf -->
