<?xml version="1.0" encoding="UTF-8"?>
<!-- Generated by org.testng.reporters.JUnitReportReporter -->
<testsuite hostname="AYA-XJARIRI" failures="0" tests="1" name="findingElements.Working_with_context_menu" time="9.568" errors="0" timestamp="2022-06-20T21:46:27 EEST" skipped="0">
  <testcase classname="findingElements.Working_with_context_menu" name="Test_Context_Menu" time="9.568"/>
  <system-out/>
</testsuite> <!-- findingElements.Working_with_context_menu -->
