<?xml version="1.0" encoding="UTF-8"?>
<!-- Generated by org.testng.reporters.JUnitReportReporter -->
<testsuite hostname="AYA-XJARIRI" failures="0" tests="1" name="findingElements.Html5_CanVas" time="12.616" errors="0" timestamp="2022-06-24T19:28:43 EEST" skipped="0">
  <testcase classname="findingElements.Html5_CanVas" name="testTheCanVas" time="12.616"/>
  <system-out/>
</testsuite> <!-- findingElements.Html5_CanVas -->
