<?xml version="1.0" encoding="UTF-8"?>
<!-- Generated by org.testng.reporters.JUnitReportReporter -->
<testsuite hostname="AYA-XJARIRI" failures="0" tests="1" name="findingElements.Working_with_InterActions" time="3.373" errors="0" timestamp="2022-06-18T03:43:31 EEST" skipped="0">
  <testcase classname="findingElements.Working_with_InterActions" name="DoubleClick" time="3.373"/>
  <system-out/>
</testsuite> <!-- findingElements.Working_with_InterActions -->
