<?xml version="1.0" encoding="UTF-8"?>
<!-- Generated by org.testng.reporters.JUnitReportReporter -->
<testsuite hostname="AYA-XJARIRI" failures="0" tests="1" name="findingElements.DownloadingfileFromChromeOptions" time="7.890" errors="0" timestamp="2022-06-24T15:56:31 EEST" skipped="0">
  <testcase classname="findingElements.DownloadingfileFromChromeOptions" name="TestChromeOptions" time="7.890"/>
  <system-out/>
</testsuite> <!-- findingElements.DownloadingfileFromChromeOptions -->
