<?xml version="1.0" encoding="UTF-8"?>
<!-- Generated by org.testng.reporters.JUnitReportReporter -->
<testsuite hostname="AYA-XJARIRI" failures="0" tests="3" name="findingElements.Working_with_Alerts" time="1.015" errors="0" timestamp="2022-06-19T20:38:20 EEST" skipped="0">
  <testcase classname="findingElements.Working_with_Alerts" name="AlertTest" time="0.608"/>
  <system-out/>
  <testcase classname="findingElements.Working_with_Alerts" name="ConfermTest" time="0.159"/>
  <system-out/>
  <testcase classname="findingElements.Working_with_Alerts" name="promptTest" time="0.248"/>
  <system-out/>
</testsuite> <!-- findingElements.Working_with_Alerts -->
